mode: set
github.com/ferdianexe/simple-statement-reconciliation/internal/infrastructure/infrastructure.go:57.49,62.2 1 0
github.com/ferdianexe/simple-statement-reconciliation/internal/infrastructure/infrastructure.go:65.59,67.2 1 0
github.com/ferdianexe/simple-statement-reconciliation/internal/infrastructure/infrastructure.go:70.63,72.2 1 0
github.com/ferdianexe/simple-statement-reconciliation/internal/infrastructure/infrastructure.go:75.68,77.2 1 0
github.com/ferdianexe/simple-statement-reconciliation/internal/infrastructure/infrastructure.go:80.62,82.2 1 0
github.com/ferdianexe/simple-statement-reconciliation/internal/infrastructure/infrastructure.go:85.63,87.2 1 0
github.com/ferdianexe/simple-statement-reconciliation/internal/infrastructure/infrastructure.go:93.44,95.2 1 0
github.com/ferdianexe/simple-statement-reconciliation/cmd/reconcile/init.go:39.78,47.2 2 1
github.com/ferdianexe/simple-statement-reconciliation/cmd/reconcile/init_mock.go:29.71,33.2 3 1
github.com/ferdianexe/simple-statement-reconciliation/cmd/reconcile/init_mock.go:36.69,38.2 1 0
github.com/ferdianexe/simple-statement-reconciliation/cmd/reconcile/init_mock.go:41.67,46.2 4 0
github.com/ferdianexe/simple-statement-reconciliation/cmd/reconcile/init_mock.go:49.83,52.2 2 0
github.com/ferdianexe/simple-statement-reconciliation/cmd/reconcile/init_mock.go:55.76,61.2 5 0
github.com/ferdianexe/simple-statement-reconciliation/cmd/reconcile/init_mock.go:64.81,67.2 2 0
github.com/ferdianexe/simple-statement-reconciliation/cmd/reconcile/init_mock.go:70.71,75.2 4 0
github.com/ferdianexe/simple-statement-reconciliation/cmd/reconcile/init_mock.go:78.94,81.2 2 0
github.com/ferdianexe/simple-statement-reconciliation/cmd/reconcile/init_mock.go:84.70,89.2 4 0
github.com/ferdianexe/simple-statement-reconciliation/cmd/reconcile/init_mock.go:92.88,95.2 2 0
github.com/ferdianexe/simple-statement-reconciliation/cmd/reconcile/init_resource.go:16.55,22.2 2 1
github.com/ferdianexe/simple-statement-reconciliation/cmd/reconcile/init_service.go:15.48,21.2 2 1
github.com/ferdianexe/simple-statement-reconciliation/cmd/reconcile/init_usecase.go:11.69,16.2 2 1
github.com/ferdianexe/simple-statement-reconciliation/cmd/reconcile/main.go:32.13,40.76 7 0
github.com/ferdianexe/simple-statement-reconciliation/cmd/reconcile/main.go:40.76,43.3 2 0
github.com/ferdianexe/simple-statement-reconciliation/cmd/reconcile/main.go:45.2,46.16 2 0
github.com/ferdianexe/simple-statement-reconciliation/cmd/reconcile/main.go:46.16,48.3 1 0
github.com/ferdianexe/simple-statement-reconciliation/cmd/reconcile/main.go:50.2,51.16 2 0
github.com/ferdianexe/simple-statement-reconciliation/cmd/reconcile/main.go:51.16,53.3 1 0
github.com/ferdianexe/simple-statement-reconciliation/cmd/reconcile/main.go:54.2,55.16 2 0
github.com/ferdianexe/simple-statement-reconciliation/cmd/reconcile/main.go:55.16,57.3 1 0
github.com/ferdianexe/simple-statement-reconciliation/cmd/reconcile/main.go:59.2,74.16 7 0
github.com/ferdianexe/simple-statement-reconciliation/cmd/reconcile/main.go:74.16,76.3 1 0
github.com/ferdianexe/simple-statement-reconciliation/cmd/reconcile/main.go:78.2,78.13 1 0
github.com/ferdianexe/simple-statement-reconciliation/cmd/reconcile/main.go:78.13,81.45 3 0
github.com/ferdianexe/simple-statement-reconciliation/cmd/reconcile/main.go:81.45,83.4 1 0
github.com/ferdianexe/simple-statement-reconciliation/cmd/reconcile/main.go:84.3,84.9 1 0
github.com/ferdianexe/simple-statement-reconciliation/cmd/reconcile/main.go:87.2,87.23 1 0
github.com/ferdianexe/simple-statement-reconciliation/cmd/reconcile/main.go:93.70,95.47 2 0
github.com/ferdianexe/simple-statement-reconciliation/cmd/reconcile/main.go:95.47,97.58 2 0
github.com/ferdianexe/simple-statement-reconciliation/cmd/reconcile/main.go:97.58,99.4 1 0
github.com/ferdianexe/simple-statement-reconciliation/cmd/reconcile/main.go:100.3,100.83 1 0
github.com/ferdianexe/simple-statement-reconciliation/cmd/reconcile/main.go:102.2,102.19 1 0
github.com/ferdianexe/simple-statement-reconciliation/cmd/reconcile/main.go:105.49,111.32 5 0
github.com/ferdianexe/simple-statement-reconciliation/cmd/reconcile/main.go:111.32,113.39 2 0
github.com/ferdianexe/simple-statement-reconciliation/cmd/reconcile/main.go:113.39,115.4 1 0
github.com/ferdianexe/simple-statement-reconciliation/cmd/reconcile/main.go:116.3,116.16 1 0
github.com/ferdianexe/simple-statement-reconciliation/cmd/reconcile/main.go:119.2,119.30 1 0
github.com/ferdianexe/simple-statement-reconciliation/cmd/reconcile/main.go:119.30,121.41 2 0
github.com/ferdianexe/simple-statement-reconciliation/cmd/reconcile/main.go:121.41,123.36 2 0
github.com/ferdianexe/simple-statement-reconciliation/cmd/reconcile/main.go:123.36,125.5 1 0
github.com/ferdianexe/simple-statement-reconciliation/internal/infrastructure/infrastructure.go:57.49,62.2 1 0
github.com/ferdianexe/simple-statement-reconciliation/internal/infrastructure/infrastructure.go:65.59,67.2 1 0
github.com/ferdianexe/simple-statement-reconciliation/internal/infrastructure/infrastructure.go:70.63,72.2 1 0
github.com/ferdianexe/simple-statement-reconciliation/internal/infrastructure/infrastructure.go:75.68,77.2 1 0
github.com/ferdianexe/simple-statement-reconciliation/internal/infrastructure/infrastructure.go:80.62,82.2 1 0
github.com/ferdianexe/simple-statement-reconciliation/internal/infrastructure/infrastructure.go:85.63,87.2 1 0
github.com/ferdianexe/simple-statement-reconciliation/internal/infrastructure/infrastructure.go:93.44,95.2 1 0
github.com/ferdianexe/simple-statement-reconciliation/internal/infrastructure/gocsv/gocsv.go:34.51,36.2 1 1
github.com/ferdianexe/simple-statement-reconciliation/internal/infrastructure/gocsv/gocsv.go:40.60,42.2 1 1
github.com/ferdianexe/simple-statement-reconciliation/internal/infrastructure/gocsv/gocsv.go:49.54,51.16 2 1
github.com/ferdianexe/simple-statement-reconciliation/internal/infrastructure/gocsv/gocsv.go:51.16,53.3 1 1
github.com/ferdianexe/simple-statement-reconciliation/internal/infrastructure/gocsv/gocsv.go:55.2,55.21 1 1
github.com/ferdianexe/simple-statement-reconciliation/internal/infrastructure/gocsv/gocsv_mock.go:25.57,29.2 3 0
github.com/ferdianexe/simple-statement-reconciliation/internal/infrastructure/gocsv/gocsv_mock.go:32.55,34.2 1 0
github.com/ferdianexe/simple-statement-reconciliation/internal/infrastructure/gocsv/gocsv_mock.go:37.47,43.2 5 0
github.com/ferdianexe/simple-statement-reconciliation/internal/infrastructure/gocsv/gocsv_mock.go:46.55,49.2 2 0
github.com/ferdianexe/simple-statement-reconciliation/internal/infrastructure/gocsv/gocsv_mock.go:52.52,58.2 5 0
github.com/ferdianexe/simple-statement-reconciliation/internal/infrastructure/gocsv/gocsv_mock.go:61.58,64.2 2 0
github.com/ferdianexe/simple-statement-reconciliation/cmd/server/init.go:39.78,47.2 2 1
github.com/ferdianexe/simple-statement-reconciliation/cmd/server/init_mock.go:29.71,33.2 3 1
github.com/ferdianexe/simple-statement-reconciliation/cmd/server/init_mock.go:36.69,38.2 1 0
github.com/ferdianexe/simple-statement-reconciliation/cmd/server/init_mock.go:41.67,46.2 4 0
github.com/ferdianexe/simple-statement-reconciliation/cmd/server/init_mock.go:49.83,52.2 2 0
github.com/ferdianexe/simple-statement-reconciliation/cmd/server/init_mock.go:55.76,61.2 5 0
github.com/ferdianexe/simple-statement-reconciliation/cmd/server/init_mock.go:64.81,67.2 2 0
github.com/ferdianexe/simple-statement-reconciliation/cmd/server/init_mock.go:70.71,75.2 4 0
github.com/ferdianexe/simple-statement-reconciliation/cmd/server/init_mock.go:78.94,81.2 2 0
github.com/ferdianexe/simple-statement-reconciliation/cmd/server/init_mock.go:84.70,89.2 4 0
github.com/ferdianexe/simple-statement-reconciliation/cmd/server/init_mock.go:92.88,95.2 2 0
github.com/ferdianexe/simple-statement-reconciliation/cmd/server/init_resource.go:16.55,22.2 2 1
github.com/ferdianexe/simple-statement-reconciliation/cmd/server/init_service.go:15.48,21.2 2 1
github.com/ferdianexe/simple-statement-reconciliation/cmd/server/init_usecase.go:13.69,18.2 2 1
github.com/ferdianexe/simple-statement-reconciliation/cmd/server/main.go:29.13,44.39 10 0
github.com/ferdianexe/simple-statement-reconciliation/cmd/server/main.go:44.39,46.3 1 0
github.com/ferdianexe/simple-statement-reconciliation/internal/infrastructure/infrastructure.go:57.49,62.2 1 0
github.com/ferdianexe/simple-statement-reconciliation/internal/infrastructure/infrastructure.go:65.59,67.2 1 0
github.com/ferdianexe/simple-statement-reconciliation/internal/infrastructure/infrastructure.go:70.63,72.2 1 0
github.com/ferdianexe/simple-statement-reconciliation/internal/infrastructure/infrastructure.go:75.68,77.2 1 0
github.com/ferdianexe/simple-statement-reconciliation/internal/infrastructure/infrastructure.go:80.62,82.2 1 0
github.com/ferdianexe/simple-statement-reconciliation/internal/infrastructure/infrastructure.go:85.63,87.2 1 0
github.com/ferdianexe/simple-statement-reconciliation/internal/infrastructure/infrastructure.go:93.44,95.2 1 0
github.com/ferdianexe/simple-statement-reconciliation/internal/infrastructure/gotime/gotime.go:22.54,24.2 1 1
github.com/ferdianexe/simple-statement-reconciliation/internal/infrastructure/gotime/gotime.go:28.55,31.2 2 1
github.com/ferdianexe/simple-statement-reconciliation/internal/infrastructure/gotime/gotime.go:34.33,36.2 1 0
github.com/ferdianexe/simple-statement-reconciliation/internal/repository/csv/csv.go:18.127,20.16 2 1
github.com/ferdianexe/simple-statement-reconciliation/internal/repository/csv/csv.go:20.16,22.3 1 1
github.com/ferdianexe/simple-statement-reconciliation/internal/repository/csv/csv.go:23.2,30.16 6 1
github.com/ferdianexe/simple-statement-reconciliation/internal/repository/csv/csv.go:30.16,32.3 1 1
github.com/ferdianexe/simple-statement-reconciliation/internal/repository/csv/csv.go:33.2,33.23 1 1
github.com/ferdianexe/simple-statement-reconciliation/internal/repository/csv/csv.go:33.23,35.3 1 1
github.com/ferdianexe/simple-statement-reconciliation/internal/repository/csv/csv.go:37.2,38.34 2 1
github.com/ferdianexe/simple-statement-reconciliation/internal/repository/csv/csv.go:38.34,40.19 2 1
github.com/ferdianexe/simple-statement-reconciliation/internal/repository/csv/csv.go:40.19,42.4 1 0
github.com/ferdianexe/simple-statement-reconciliation/internal/repository/csv/csv.go:44.3,45.17 2 1
github.com/ferdianexe/simple-statement-reconciliation/internal/repository/csv/csv.go:45.17,47.4 1 0
github.com/ferdianexe/simple-statement-reconciliation/internal/repository/csv/csv.go:48.3,49.44 2 1
github.com/ferdianexe/simple-statement-reconciliation/internal/repository/csv/csv.go:49.44,51.4 1 1
github.com/ferdianexe/simple-statement-reconciliation/internal/repository/csv/csv.go:52.3,53.17 2 1
github.com/ferdianexe/simple-statement-reconciliation/internal/repository/csv/csv.go:53.17,55.4 1 0
github.com/ferdianexe/simple-statement-reconciliation/internal/repository/csv/csv.go:57.3,57.45 1 1
github.com/ferdianexe/simple-statement-reconciliation/internal/repository/csv/csv.go:57.45,58.12 1 1
github.com/ferdianexe/simple-statement-reconciliation/internal/repository/csv/csv.go:61.3,66.5 1 1
github.com/ferdianexe/simple-statement-reconciliation/internal/repository/csv/csv.go:68.2,68.17 1 1
github.com/ferdianexe/simple-statement-reconciliation/internal/repository/csv/csv.go:72.141,74.16 2 1
github.com/ferdianexe/simple-statement-reconciliation/internal/repository/csv/csv.go:74.16,76.3 1 1
github.com/ferdianexe/simple-statement-reconciliation/internal/repository/csv/csv.go:77.2,84.16 6 1
github.com/ferdianexe/simple-statement-reconciliation/internal/repository/csv/csv.go:84.16,86.3 1 1
github.com/ferdianexe/simple-statement-reconciliation/internal/repository/csv/csv.go:87.2,87.23 1 1
github.com/ferdianexe/simple-statement-reconciliation/internal/repository/csv/csv.go:87.23,89.3 1 0
github.com/ferdianexe/simple-statement-reconciliation/internal/repository/csv/csv.go:91.2,92.34 2 1
github.com/ferdianexe/simple-statement-reconciliation/internal/repository/csv/csv.go:92.34,94.19 2 1
github.com/ferdianexe/simple-statement-reconciliation/internal/repository/csv/csv.go:94.19,96.4 1 0
github.com/ferdianexe/simple-statement-reconciliation/internal/repository/csv/csv.go:98.3,99.17 2 1
github.com/ferdianexe/simple-statement-reconciliation/internal/repository/csv/csv.go:99.17,101.4 1 0
github.com/ferdianexe/simple-statement-reconciliation/internal/repository/csv/csv.go:102.3,103.17 2 1
github.com/ferdianexe/simple-statement-reconciliation/internal/repository/csv/csv.go:103.17,105.4 1 0
github.com/ferdianexe/simple-statement-reconciliation/internal/repository/csv/csv.go:107.3,107.47 1 1
github.com/ferdianexe/simple-statement-reconciliation/internal/repository/csv/csv.go:107.47,108.12 1 1
github.com/ferdianexe/simple-statement-reconciliation/internal/repository/csv/csv.go:111.3,116.5 1 1
github.com/ferdianexe/simple-statement-reconciliation/internal/repository/csv/csv.go:118.2,118.17 1 1
github.com/ferdianexe/simple-statement-reconciliation/internal/repository/csv/repo.go:32.53,34.2 1 1
github.com/ferdianexe/simple-statement-reconciliation/internal/repository/csv/repo_mock.go:29.71,33.2 3 1
github.com/ferdianexe/simple-statement-reconciliation/internal/repository/csv/repo_mock.go:36.69,38.2 1 1
github.com/ferdianexe/simple-statement-reconciliation/internal/repository/csv/repo_mock.go:41.67,46.2 4 1
github.com/ferdianexe/simple-statement-reconciliation/internal/repository/csv/repo_mock.go:49.83,52.2 2 1
github.com/ferdianexe/simple-statement-reconciliation/internal/repository/csv/repo_mock.go:55.76,61.2 5 1
github.com/ferdianexe/simple-statement-reconciliation/internal/repository/csv/repo_mock.go:64.81,67.2 2 1
github.com/ferdianexe/simple-statement-reconciliation/internal/repository/csv/repo_mock.go:70.71,75.2 4 1
github.com/ferdianexe/simple-statement-reconciliation/internal/repository/csv/repo_mock.go:78.94,81.2 2 1
github.com/ferdianexe/simple-statement-reconciliation/internal/repository/csv/repo_mock.go:84.70,89.2 4 1
github.com/ferdianexe/simple-statement-reconciliation/internal/repository/csv/repo_mock.go:92.88,95.2 2 1
github.com/ferdianexe/simple-statement-reconciliation/internal/server/http/server.go:27.43,31.2 1 1
github.com/ferdianexe/simple-statement-reconciliation/internal/server/http/server.go:36.44,41.2 4 1
github.com/ferdianexe/simple-statement-reconciliation/internal/server/http/server.go:44.43,47.2 2 0
github.com/ferdianexe/simple-statement-reconciliation/internal/server/http/server.go:49.60,52.2 2 1
github.com/ferdianexe/simple-statement-reconciliation/internal/server/http/server_mock.go:26.77,30.2 3 1
github.com/ferdianexe/simple-statement-reconciliation/internal/server/http/server_mock.go:33.75,35.2 1 1
github.com/ferdianexe/simple-statement-reconciliation/internal/server/http/server_mock.go:38.88,41.2 2 1
github.com/ferdianexe/simple-statement-reconciliation/internal/server/http/server_mock.go:44.92,47.2 2 1
github.com/ferdianexe/simple-statement-reconciliation/internal/server/http/server_mock.go:50.94,53.2 2 0
github.com/ferdianexe/simple-statement-reconciliation/internal/server/http/server_mock.go:56.98,59.2 2 0
github.com/ferdianexe/simple-statement-reconciliation/internal/service/transaction/resource.go:28.53,32.2 1 1
github.com/ferdianexe/simple-statement-reconciliation/internal/service/transaction/resource_csv.go:16.136,18.16 2 1
github.com/ferdianexe/simple-statement-reconciliation/internal/service/transaction/resource_csv.go:18.16,20.3 1 1
github.com/ferdianexe/simple-statement-reconciliation/internal/service/transaction/resource_csv.go:21.2,21.20 1 1
github.com/ferdianexe/simple-statement-reconciliation/internal/service/transaction/resource_mock.go:28.75,32.2 3 1
github.com/ferdianexe/simple-statement-reconciliation/internal/service/transaction/resource_mock.go:35.73,37.2 1 1
github.com/ferdianexe/simple-statement-reconciliation/internal/service/transaction/resource_mock.go:40.138,46.2 5 1
github.com/ferdianexe/simple-statement-reconciliation/internal/service/transaction/resource_mock.go:49.116,52.2 2 1
github.com/ferdianexe/simple-statement-reconciliation/internal/service/transaction/service.go:24.53,26.2 1 1
github.com/ferdianexe/simple-statement-reconciliation/internal/service/transaction/service_mock.go:28.77,32.2 3 1
github.com/ferdianexe/simple-statement-reconciliation/internal/service/transaction/service_mock.go:35.75,37.2 1 1
github.com/ferdianexe/simple-statement-reconciliation/internal/service/transaction/service_mock.go:40.146,46.2 5 1
github.com/ferdianexe/simple-statement-reconciliation/internal/service/transaction/service_mock.go:49.124,52.2 2 1
github.com/ferdianexe/simple-statement-reconciliation/internal/service/transaction/transaction_service.go:11.125,13.16 2 1
github.com/ferdianexe/simple-statement-reconciliation/internal/service/transaction/transaction_service.go:13.16,15.3 1 1
github.com/ferdianexe/simple-statement-reconciliation/internal/service/transaction/transaction_service.go:17.2,18.27 2 1
github.com/ferdianexe/simple-statement-reconciliation/internal/service/transaction/transaction_service.go:18.27,25.3 1 1
github.com/ferdianexe/simple-statement-reconciliation/internal/service/transaction/transaction_service.go:26.2,26.20 1 1
github.com/ferdianexe/simple-statement-reconciliation/internal/server/http/reconcile/handler.go:44.82,49.2 1 1
github.com/ferdianexe/simple-statement-reconciliation/internal/server/http/reconcile/handler_mock.go:31.91,35.2 3 1
github.com/ferdianexe/simple-statement-reconciliation/internal/server/http/reconcile/handler_mock.go:38.89,40.2 1 1
github.com/ferdianexe/simple-statement-reconciliation/internal/server/http/reconcile/handler_mock.go:43.142,49.2 5 0
github.com/ferdianexe/simple-statement-reconciliation/internal/server/http/reconcile/handler_mock.go:52.101,55.2 2 0
github.com/ferdianexe/simple-statement-reconciliation/internal/server/http/reconcile/handler_mock.go:58.214,64.2 5 1
github.com/ferdianexe/simple-statement-reconciliation/internal/server/http/reconcile/handler_mock.go:67.134,70.2 2 1
github.com/ferdianexe/simple-statement-reconciliation/internal/server/http/reconcile/handler_mock.go:84.71,88.2 3 1
github.com/ferdianexe/simple-statement-reconciliation/internal/server/http/reconcile/handler_mock.go:91.69,93.2 1 1
github.com/ferdianexe/simple-statement-reconciliation/internal/server/http/reconcile/handler_mock.go:96.67,101.2 4 1
github.com/ferdianexe/simple-statement-reconciliation/internal/server/http/reconcile/handler_mock.go:104.83,107.2 2 1
github.com/ferdianexe/simple-statement-reconciliation/internal/server/http/reconcile/handler_mock.go:110.76,116.2 5 1
github.com/ferdianexe/simple-statement-reconciliation/internal/server/http/reconcile/handler_mock.go:119.81,122.2 2 1
github.com/ferdianexe/simple-statement-reconciliation/internal/server/http/reconcile/handler_mock.go:125.71,130.2 4 1
github.com/ferdianexe/simple-statement-reconciliation/internal/server/http/reconcile/handler_mock.go:133.94,136.2 2 1
github.com/ferdianexe/simple-statement-reconciliation/internal/server/http/reconcile/reconcile_handler.go:43.75,44.33 1 0
github.com/ferdianexe/simple-statement-reconciliation/internal/server/http/reconcile/reconcile_handler.go:44.33,47.3 2 0
github.com/ferdianexe/simple-statement-reconciliation/internal/server/http/reconcile/reconcile_handler.go:49.2,50.61 2 0
github.com/ferdianexe/simple-statement-reconciliation/internal/server/http/reconcile/reconcile_handler.go:50.61,53.3 2 0
github.com/ferdianexe/simple-statement-reconciliation/internal/server/http/reconcile/reconcile_handler.go:55.2,56.16 2 0
github.com/ferdianexe/simple-statement-reconciliation/internal/server/http/reconcile/reconcile_handler.go:56.16,59.3 2 0
github.com/ferdianexe/simple-statement-reconciliation/internal/server/http/reconcile/reconcile_handler.go:60.2,61.16 2 0
github.com/ferdianexe/simple-statement-reconciliation/internal/server/http/reconcile/reconcile_handler.go:61.16,64.3 2 0
github.com/ferdianexe/simple-statement-reconciliation/internal/server/http/reconcile/reconcile_handler.go:66.2,67.30 2 0
github.com/ferdianexe/simple-statement-reconciliation/internal/server/http/reconcile/reconcile_handler.go:67.30,69.3 1 0
github.com/ferdianexe/simple-statement-reconciliation/internal/server/http/reconcile/reconcile_handler.go:71.2,77.16 2 0
github.com/ferdianexe/simple-statement-reconciliation/internal/server/http/reconcile/reconcile_handler.go:77.16,82.3 2 0
github.com/ferdianexe/simple-statement-reconciliation/internal/server/http/reconcile/reconcile_handler.go:84.2,84.35 1 0
github.com/ferdianexe/simple-statement-reconciliation/internal/server/http/reconcile/reconcile_handler.go:91.81,92.33 1 1
github.com/ferdianexe/simple-statement-reconciliation/internal/server/http/reconcile/reconcile_handler.go:92.33,95.3 2 1
github.com/ferdianexe/simple-statement-reconciliation/internal/server/http/reconcile/reconcile_handler.go:97.2,97.62 1 1
github.com/ferdianexe/simple-statement-reconciliation/internal/server/http/reconcile/reconcile_handler.go:97.62,100.3 2 1
github.com/ferdianexe/simple-statement-reconciliation/internal/server/http/reconcile/reconcile_handler.go:102.2,103.16 2 1
github.com/ferdianexe/simple-statement-reconciliation/internal/server/http/reconcile/reconcile_handler.go:103.16,106.3 2 1
github.com/ferdianexe/simple-statement-reconciliation/internal/server/http/reconcile/reconcile_handler.go:107.2,108.16 2 1
github.com/ferdianexe/simple-statement-reconciliation/internal/server/http/reconcile/reconcile_handler.go:108.16,111.3 2 1
github.com/ferdianexe/simple-statement-reconciliation/internal/server/http/reconcile/reconcile_handler.go:113.2,114.16 2 1
github.com/ferdianexe/simple-statement-reconciliation/internal/server/http/reconcile/reconcile_handler.go:114.16,117.3 2 1
github.com/ferdianexe/simple-statement-reconciliation/internal/server/http/reconcile/reconcile_handler.go:119.2,120.16 2 1
github.com/ferdianexe/simple-statement-reconciliation/internal/server/http/reconcile/reconcile_handler.go:120.16,123.3 2 1
github.com/ferdianexe/simple-statement-reconciliation/internal/server/http/reconcile/reconcile_handler.go:125.2,126.16 2 1
github.com/ferdianexe/simple-statement-reconciliation/internal/server/http/reconcile/reconcile_handler.go:126.16,129.3 2 1
github.com/ferdianexe/simple-statement-reconciliation/internal/server/http/reconcile/reconcile_handler.go:131.2,131.35 1 1
github.com/ferdianexe/simple-statement-reconciliation/internal/server/http/reconcile/reconcile_handler.go:137.130,139.32 2 1
github.com/ferdianexe/simple-statement-reconciliation/internal/server/http/reconcile/reconcile_handler.go:139.32,141.3 1 1
github.com/ferdianexe/simple-statement-reconciliation/internal/server/http/reconcile/reconcile_handler.go:142.2,142.16 1 1
github.com/ferdianexe/simple-statement-reconciliation/internal/server/http/reconcile/reconcile_handler.go:142.16,144.3 1 0
github.com/ferdianexe/simple-statement-reconciliation/internal/server/http/reconcile/reconcile_handler.go:145.2,149.16 4 1
github.com/ferdianexe/simple-statement-reconciliation/internal/server/http/reconcile/reconcile_handler.go:149.16,151.3 1 0
github.com/ferdianexe/simple-statement-reconciliation/internal/server/http/reconcile/reconcile_handler.go:152.2,152.23 1 1
github.com/ferdianexe/simple-statement-reconciliation/internal/server/http/reconcile/reconcile_handler.go:152.23,154.3 1 0
github.com/ferdianexe/simple-statement-reconciliation/internal/server/http/reconcile/reconcile_handler.go:156.2,157.34 2 1
github.com/ferdianexe/simple-statement-reconciliation/internal/server/http/reconcile/reconcile_handler.go:157.34,159.19 2 1
github.com/ferdianexe/simple-statement-reconciliation/internal/server/http/reconcile/reconcile_handler.go:159.19,161.4 1 0
github.com/ferdianexe/simple-statement-reconciliation/internal/server/http/reconcile/reconcile_handler.go:163.3,164.17 2 1
github.com/ferdianexe/simple-statement-reconciliation/internal/server/http/reconcile/reconcile_handler.go:164.17,166.4 1 1
github.com/ferdianexe/simple-statement-reconciliation/internal/server/http/reconcile/reconcile_handler.go:167.3,168.64 2 1
github.com/ferdianexe/simple-statement-reconciliation/internal/server/http/reconcile/reconcile_handler.go:168.64,170.4 1 1
github.com/ferdianexe/simple-statement-reconciliation/internal/server/http/reconcile/reconcile_handler.go:171.3,172.17 2 1
github.com/ferdianexe/simple-statement-reconciliation/internal/server/http/reconcile/reconcile_handler.go:172.17,174.4 1 0
github.com/ferdianexe/simple-statement-reconciliation/internal/server/http/reconcile/reconcile_handler.go:176.3,176.43 1 1
github.com/ferdianexe/simple-statement-reconciliation/internal/server/http/reconcile/reconcile_handler.go:176.43,177.12 1 1
github.com/ferdianexe/simple-statement-reconciliation/internal/server/http/reconcile/reconcile_handler.go:180.3,185.5 1 1
github.com/ferdianexe/simple-statement-reconciliation/internal/server/http/reconcile/reconcile_handler.go:187.2,187.17 1 1
github.com/ferdianexe/simple-statement-reconciliation/internal/server/http/reconcile/reconcile_handler.go:194.122,195.28 1 1
github.com/ferdianexe/simple-statement-reconciliation/internal/server/http/reconcile/reconcile_handler.go:195.28,197.3 1 0
github.com/ferdianexe/simple-statement-reconciliation/internal/server/http/reconcile/reconcile_handler.go:199.2,200.51 2 1
github.com/ferdianexe/simple-statement-reconciliation/internal/server/http/reconcile/reconcile_handler.go:200.51,201.60 1 1
github.com/ferdianexe/simple-statement-reconciliation/internal/server/http/reconcile/reconcile_handler.go:201.60,202.12 1 1
github.com/ferdianexe/simple-statement-reconciliation/internal/server/http/reconcile/reconcile_handler.go:205.3,206.10 2 1
github.com/ferdianexe/simple-statement-reconciliation/internal/server/http/reconcile/reconcile_handler.go:206.10,208.4 1 1
github.com/ferdianexe/simple-statement-reconciliation/internal/server/http/reconcile/reconcile_handler.go:210.3,211.17 2 1
github.com/ferdianexe/simple-statement-reconciliation/internal/server/http/reconcile/reconcile_handler.go:211.17,213.4 1 0
github.com/ferdianexe/simple-statement-reconciliation/internal/server/http/reconcile/reconcile_handler.go:215.3,217.17 3 1
github.com/ferdianexe/simple-statement-reconciliation/internal/server/http/reconcile/reconcile_handler.go:217.17,219.4 1 1
github.com/ferdianexe/simple-statement-reconciliation/internal/server/http/reconcile/reconcile_handler.go:220.3,220.30 1 1
github.com/ferdianexe/simple-statement-reconciliation/internal/server/http/reconcile/reconcile_handler.go:222.2,222.17 1 1
github.com/ferdianexe/simple-statement-reconciliation/internal/server/http/reconcile/reconcile_handler.go:227.137,230.16 3 1
github.com/ferdianexe/simple-statement-reconciliation/internal/server/http/reconcile/reconcile_handler.go:230.16,232.3 1 0
github.com/ferdianexe/simple-statement-reconciliation/internal/server/http/reconcile/reconcile_handler.go:233.2,233.23 1 1
github.com/ferdianexe/simple-statement-reconciliation/internal/server/http/reconcile/reconcile_handler.go:233.23,235.3 1 0
github.com/ferdianexe/simple-statement-reconciliation/internal/server/http/reconcile/reconcile_handler.go:237.2,238.34 2 1
github.com/ferdianexe/simple-statement-reconciliation/internal/server/http/reconcile/reconcile_handler.go:238.34,240.19 2 1
github.com/ferdianexe/simple-statement-reconciliation/internal/server/http/reconcile/reconcile_handler.go:240.19,242.4 1 0
github.com/ferdianexe/simple-statement-reconciliation/internal/server/http/reconcile/reconcile_handler.go:244.3,245.17 2 1
github.com/ferdianexe/simple-statement-reconciliation/internal/server/http/reconcile/reconcile_handler.go:245.17,247.4 1 0
github.com/ferdianexe/simple-statement-reconciliation/internal/server/http/reconcile/reconcile_handler.go:248.3,249.17 2 1
github.com/ferdianexe/simple-statement-reconciliation/internal/server/http/reconcile/reconcile_handler.go:249.17,251.4 1 1
github.com/ferdianexe/simple-statement-reconciliation/internal/server/http/reconcile/reconcile_handler.go:253.3,253.45 1 1
github.com/ferdianexe/simple-statement-reconciliation/internal/server/http/reconcile/reconcile_handler.go:253.45,254.12 1 1
github.com/ferdianexe/simple-statement-reconciliation/internal/server/http/reconcile/reconcile_handler.go:257.3,262.5 1 1
github.com/ferdianexe/simple-statement-reconciliation/internal/server/http/reconcile/reconcile_handler.go:264.2,264.17 1 1
github.com/ferdianexe/simple-statement-reconciliation/internal/server/http/reconcile/reconcile_handler.go:271.87,273.36 2 1
github.com/ferdianexe/simple-statement-reconciliation/internal/server/http/reconcile/reconcile_handler.go:273.36,289.3 1 1
github.com/ferdianexe/simple-statement-reconciliation/internal/server/http/reconcile/reconcile_handler.go:291.2,292.44 2 1
github.com/ferdianexe/simple-statement-reconciliation/internal/server/http/reconcile/reconcile_handler.go:292.44,299.3 1 1
github.com/ferdianexe/simple-statement-reconciliation/internal/server/http/reconcile/reconcile_handler.go:301.2,302.42 2 1
github.com/ferdianexe/simple-statement-reconciliation/internal/server/http/reconcile/reconcile_handler.go:302.42,304.31 2 1
github.com/ferdianexe/simple-statement-reconciliation/internal/server/http/reconcile/reconcile_handler.go:304.31,311.4 1 1
github.com/ferdianexe/simple-statement-reconciliation/internal/server/http/reconcile/reconcile_handler.go:312.3,315.5 1 1
github.com/ferdianexe/simple-statement-reconciliation/internal/server/http/reconcile/reconcile_handler.go:318.2,320.43 2 1
github.com/ferdianexe/simple-statement-reconciliation/internal/server/http/reconcile/reconcile_handler.go:320.43,336.3 1 1
github.com/ferdianexe/simple-statement-reconciliation/internal/server/http/reconcile/reconcile_handler.go:338.2,353.61 3 1
github.com/ferdianexe/simple-statement-reconciliation/internal/server/http/reconcile/reconcile_handler.go:353.61,355.3 1 0
github.com/ferdianexe/simple-statement-reconciliation/internal/server/http/reconcile/reconcile_handler.go:359.64,363.2 3 1
github.com/ferdianexe/simple-statement-reconciliation/internal/server/http/reconcile/reconcile_handler.go:367.32,370.36 3 1
github.com/ferdianexe/simple-statement-reconciliation/internal/server/http/reconcile/reconcile_handler.go:370.36,371.17 1 1
github.com/ferdianexe/simple-statement-reconciliation/internal/server/http/reconcile/reconcile_handler.go:371.17,372.12 1 0
github.com/ferdianexe/simple-statement-reconciliation/internal/server/http/reconcile/reconcile_handler.go:374.3,375.30 2 1
github.com/ferdianexe/simple-statement-reconciliation/internal/server/http/reconcile/reconcile_handler.go:377.2,378.34 2 1
github.com/ferdianexe/simple-statement-reconciliation/internal/service/bank/bank_service.go:11.122,13.28 2 1
github.com/ferdianexe/simple-statement-reconciliation/internal/service/bank/bank_service.go:13.28,15.17 2 1
github.com/ferdianexe/simple-statement-reconciliation/internal/service/bank/bank_service.go:15.17,17.4 1 1
github.com/ferdianexe/simple-statement-reconciliation/internal/service/bank/bank_service.go:18.3,19.17 2 1
github.com/ferdianexe/simple-statement-reconciliation/internal/service/bank/bank_service.go:19.17,21.4 1 1
github.com/ferdianexe/simple-statement-reconciliation/internal/service/bank/bank_service.go:23.3,24.27 2 1
github.com/ferdianexe/simple-statement-reconciliation/internal/service/bank/bank_service.go:24.27,31.4 1 1
github.com/ferdianexe/simple-statement-reconciliation/internal/service/bank/bank_service.go:32.3,32.45 1 1
github.com/ferdianexe/simple-statement-reconciliation/internal/service/bank/bank_service.go:34.2,34.23 1 1
github.com/ferdianexe/simple-statement-reconciliation/internal/service/bank/resource.go:28.53,32.2 1 1
github.com/ferdianexe/simple-statement-reconciliation/internal/service/bank/resource_csv.go:15.150,17.16 2 1
github.com/ferdianexe/simple-statement-reconciliation/internal/service/bank/resource_csv.go:17.16,19.3 1 1
github.com/ferdianexe/simple-statement-reconciliation/internal/service/bank/resource_csv.go:20.2,20.20 1 1
github.com/ferdianexe/simple-statement-reconciliation/internal/service/bank/resource_mock.go:28.75,32.2 3 1
github.com/ferdianexe/simple-statement-reconciliation/internal/service/bank/resource_mock.go:35.73,37.2 1 1
github.com/ferdianexe/simple-statement-reconciliation/internal/service/bank/resource_mock.go:40.145,46.2 5 1
github.com/ferdianexe/simple-statement-reconciliation/internal/service/bank/resource_mock.go:49.121,52.2 2 1
github.com/ferdianexe/simple-statement-reconciliation/internal/service/bank/service.go:24.53,26.2 1 1
github.com/ferdianexe/simple-statement-reconciliation/internal/service/bank/service_mock.go:28.77,32.2 3 1
github.com/ferdianexe/simple-statement-reconciliation/internal/service/bank/service_mock.go:35.75,37.2 1 1
github.com/ferdianexe/simple-statement-reconciliation/internal/service/bank/service_mock.go:40.153,46.2 5 1
github.com/ferdianexe/simple-statement-reconciliation/internal/service/bank/service_mock.go:49.129,52.2 2 1
github.com/ferdianexe/simple-statement-reconciliation/internal/usecase/reconcile/types.go:52.44,53.18 1 1
github.com/ferdianexe/simple-statement-reconciliation/internal/usecase/reconcile/types.go:53.18,55.3 1 1
github.com/ferdianexe/simple-statement-reconciliation/internal/usecase/reconcile/types.go:56.2,56.17 1 0
github.com/ferdianexe/simple-statement-reconciliation/internal/usecase/reconcile/types.go:64.47,65.18 1 1
github.com/ferdianexe/simple-statement-reconciliation/internal/usecase/reconcile/types.go:65.18,67.3 1 1
github.com/ferdianexe/simple-statement-reconciliation/internal/usecase/reconcile/types.go:68.2,68.15 1 0
github.com/ferdianexe/simple-statement-reconciliation/internal/usecase/reconcile/usecase.go:43.111,49.2 1 1
github.com/ferdianexe/simple-statement-reconciliation/internal/usecase/reconcile/usecase_mock.go:29.81,33.2 3 1
github.com/ferdianexe/simple-statement-reconciliation/internal/usecase/reconcile/usecase_mock.go:36.79,38.2 1 1
github.com/ferdianexe/simple-statement-reconciliation/internal/usecase/reconcile/usecase_mock.go:41.145,47.2 5 1
github.com/ferdianexe/simple-statement-reconciliation/internal/usecase/reconcile/usecase_mock.go:50.110,53.2 2 1
github.com/ferdianexe/simple-statement-reconciliation/internal/usecase/reconcile/usecase_mock.go:67.95,71.2 3 1
github.com/ferdianexe/simple-statement-reconciliation/internal/usecase/reconcile/usecase_mock.go:74.93,76.2 1 1
github.com/ferdianexe/simple-statement-reconciliation/internal/usecase/reconcile/usecase_mock.go:79.169,85.2 5 1
github.com/ferdianexe/simple-statement-reconciliation/internal/usecase/reconcile/usecase_mock.go:88.119,91.2 2 1
github.com/ferdianexe/simple-statement-reconciliation/internal/usecase/reconcile/usecase_mock.go:105.71,109.2 3 1
github.com/ferdianexe/simple-statement-reconciliation/internal/usecase/reconcile/usecase_mock.go:112.69,114.2 1 1
github.com/ferdianexe/simple-statement-reconciliation/internal/usecase/reconcile/usecase_mock.go:117.71,122.2 4 1
github.com/ferdianexe/simple-statement-reconciliation/internal/usecase/reconcile/usecase_mock.go:125.94,128.2 2 1
github.com/ferdianexe/simple-statement-reconciliation/internal/usecase/reconcile/usecase_mock.go:131.70,136.2 4 1
github.com/ferdianexe/simple-statement-reconciliation/internal/usecase/reconcile/usecase_mock.go:139.88,142.2 2 1
github.com/ferdianexe/simple-statement-reconciliation/internal/usecase/reconcile/usecase_reconcile.go:16.103,18.34 2 1
github.com/ferdianexe/simple-statement-reconciliation/internal/usecase/reconcile/usecase_reconcile.go:18.34,25.3 1 1
github.com/ferdianexe/simple-statement-reconciliation/internal/usecase/reconcile/usecase_reconcile.go:27.2,28.16 2 1
github.com/ferdianexe/simple-statement-reconciliation/internal/usecase/reconcile/usecase_reconcile.go:28.16,30.3 1 1
github.com/ferdianexe/simple-statement-reconciliation/internal/usecase/reconcile/usecase_reconcile.go:32.2,33.28 2 1
github.com/ferdianexe/simple-statement-reconciliation/internal/usecase/reconcile/usecase_reconcile.go:33.28,40.3 1 1
github.com/ferdianexe/simple-statement-reconciliation/internal/usecase/reconcile/usecase_reconcile.go:42.2,43.16 2 1
github.com/ferdianexe/simple-statement-reconciliation/internal/usecase/reconcile/usecase_reconcile.go:43.16,45.3 1 1
github.com/ferdianexe/simple-statement-reconciliation/internal/usecase/reconcile/usecase_reconcile.go:47.2,48.35 2 1
github.com/ferdianexe/simple-statement-reconciliation/internal/usecase/reconcile/usecase_reconcile.go:48.35,55.3 1 1
github.com/ferdianexe/simple-statement-reconciliation/internal/usecase/reconcile/usecase_reconcile.go:57.2,57.84 1 1
github.com/ferdianexe/simple-statement-reconciliation/internal/usecase/reconcile/usecase_reconcile.go:62.165,64.2 1 0
github.com/ferdianexe/simple-statement-reconciliation/internal/usecase/reconcile/usecase_reconcile.go:69.44,71.2 1 1
github.com/ferdianexe/simple-statement-reconciliation/internal/usecase/reconcile/usecase_reconcile.go:75.126,81.27 4 1
github.com/ferdianexe/simple-statement-reconciliation/internal/usecase/reconcile/usecase_reconcile.go:81.27,82.58 1 1
github.com/ferdianexe/simple-statement-reconciliation/internal/usecase/reconcile/usecase_reconcile.go:82.58,84.4 1 1
github.com/ferdianexe/simple-statement-reconciliation/internal/usecase/reconcile/usecase_reconcile.go:88.2,88.46 1 1
github.com/ferdianexe/simple-statement-reconciliation/internal/usecase/reconcile/usecase_reconcile.go:88.46,90.3 1 0
github.com/ferdianexe/simple-statement-reconciliation/internal/usecase/reconcile/usecase_reconcile.go:95.2,96.30 2 1
github.com/ferdianexe/simple-statement-reconciliation/internal/usecase/reconcile/usecase_reconcile.go:96.30,97.48 1 1
github.com/ferdianexe/simple-statement-reconciliation/internal/usecase/reconcile/usecase_reconcile.go:97.48,98.12 1 0
github.com/ferdianexe/simple-statement-reconciliation/internal/usecase/reconcile/usecase_reconcile.go:100.3,101.55 2 1
github.com/ferdianexe/simple-statement-reconciliation/internal/usecase/reconcile/usecase_reconcile.go:104.2,109.32 5 1
github.com/ferdianexe/simple-statement-reconciliation/internal/usecase/reconcile/usecase_reconcile.go:109.32,115.32 5 1
github.com/ferdianexe/simple-statement-reconciliation/internal/usecase/reconcile/usecase_reconcile.go:115.32,116.17 1 1
github.com/ferdianexe/simple-statement-reconciliation/internal/usecase/reconcile/usecase_reconcile.go:116.17,117.13 1 0
github.com/ferdianexe/simple-statement-reconciliation/internal/usecase/reconcile/usecase_reconcile.go:120.4,121.23 2 1
github.com/ferdianexe/simple-statement-reconciliation/internal/usecase/reconcile/usecase_reconcile.go:121.23,124.5 2 1
github.com/ferdianexe/simple-statement-reconciliation/internal/usecase/reconcile/usecase_reconcile.go:124.10,124.24 1 0
github.com/ferdianexe/simple-statement-reconciliation/internal/usecase/reconcile/usecase_reconcile.go:124.24,128.10 3 0
github.com/ferdianexe/simple-statement-reconciliation/internal/usecase/reconcile/usecase_reconcile.go:132.3,132.17 1 1
github.com/ferdianexe/simple-statement-reconciliation/internal/usecase/reconcile/usecase_reconcile.go:132.17,134.12 2 1
github.com/ferdianexe/simple-statement-reconciliation/internal/usecase/reconcile/usecase_reconcile.go:137.3,137.20 1 1
github.com/ferdianexe/simple-statement-reconciliation/internal/usecase/reconcile/usecase_reconcile.go:137.20,144.4 2 1
github.com/ferdianexe/simple-statement-reconciliation/internal/usecase/reconcile/usecase_reconcile.go:144.9,154.4 4 1
github.com/ferdianexe/simple-statement-reconciliation/internal/usecase/reconcile/usecase_reconcile.go:159.2,162.34 4 1
github.com/ferdianexe/simple-statement-reconciliation/internal/usecase/reconcile/usecase_reconcile.go:162.34,163.29 1 1
github.com/ferdianexe/simple-statement-reconciliation/internal/usecase/reconcile/usecase_reconcile.go:163.29,165.17 2 1
github.com/ferdianexe/simple-statement-reconciliation/internal/usecase/reconcile/usecase_reconcile.go:165.17,166.13 1 1
github.com/ferdianexe/simple-statement-reconciliation/internal/usecase/reconcile/usecase_reconcile.go:168.4,168.50 1 0
github.com/ferdianexe/simple-statement-reconciliation/internal/usecase/reconcile/usecase_reconcile.go:168.50,170.5 1 0
github.com/ferdianexe/simple-statement-reconciliation/internal/usecase/reconcile/usecase_reconcile.go:171.4,171.79 1 0
github.com/ferdianexe/simple-statement-reconciliation/internal/usecase/reconcile/usecase_reconcile.go:174.2,177.33 3 1
github.com/ferdianexe/simple-statement-reconciliation/internal/usecase/reconcile/usecase_reconcile.go:177.33,179.43 2 0
github.com/ferdianexe/simple-statement-reconciliation/internal/usecase/reconcile/usecase_reconcile.go:179.43,179.93 1 0
github.com/ferdianexe/simple-statement-reconciliation/internal/usecase/reconcile/usecase_reconcile.go:180.3,180.87 1 0
github.com/ferdianexe/simple-statement-reconciliation/internal/usecase/reconcile/usecase_reconcile.go:183.2,184.34 2 1
github.com/ferdianexe/simple-statement-reconciliation/internal/usecase/reconcile/usecase_reconcile.go:184.34,186.3 1 0
github.com/ferdianexe/simple-statement-reconciliation/internal/usecase/reconcile/usecase_reconcile.go:188.2,200.3 1 1
